<?xml version="1.0" encoding="UTF-8"?>
<testng-results ignored="0" total="8" passed="8" failed="0" skipped="0">
  <reporter-output>
  </reporter-output>
  <suite started-at="2022-01-24T16:36:09 CET" name="TestScenario" finished-at="2022-01-24T16:36:11 CET" duration-ms="1390">
    <groups>
    </groups>
    <test started-at="2022-01-24T16:36:09 CET" name="Command line test" finished-at="2022-01-24T16:36:11 CET" duration-ms="1390">
      <class name="TestScenario">
        <test-method signature="addNewUser()[pri:0, instance:TestScenario@25359ed8]" started-at="2022-01-24T16:36:09 CET" name="addNewUser" finished-at="2022-01-24T16:36:09 CET" duration-ms="3" status="PASS">
          <reporter-output>
          </reporter-output>
        </test-method> <!-- addNewUser -->
        <test-method signature="checkUserByName()[pri:0, instance:TestScenario@25359ed8]" started-at="2022-01-24T16:36:09 CET" name="checkUserByName" finished-at="2022-01-24T16:36:10 CET" duration-ms="1195" status="PASS">
          <reporter-output>
          </reporter-output>
        </test-method> <!-- checkUserByName -->
        <test-method signature="getNonExistUser()[pri:0, instance:TestScenario@25359ed8]" started-at="2022-01-24T16:36:10 CET" name="getNonExistUser" finished-at="2022-01-24T16:36:10 CET" duration-ms="31" status="PASS">
          <reporter-output>
          </reporter-output>
        </test-method> <!-- getNonExistUser -->
        <test-method signature="getUrl()[pri:0, instance:TestScenario@25359ed8]" started-at="2022-01-24T16:36:10 CET" name="getUrl" finished-at="2022-01-24T16:36:10 CET" duration-ms="12" status="PASS">
          <reporter-output>
          </reporter-output>
        </test-method> <!-- getUrl -->
        <test-method signature="getUserById()[pri:0, instance:TestScenario@25359ed8]" started-at="2022-01-24T16:36:10 CET" name="getUserById" finished-at="2022-01-24T16:36:11 CET" duration-ms="31" status="PASS">
          <reporter-output>
          </reporter-output>
        </test-method> <!-- getUserById -->
        <test-method signature="testGet()[pri:0, instance:TestScenario@25359ed8]" started-at="2022-01-24T16:36:11 CET" name="testGet" finished-at="2022-01-24T16:36:11 CET" duration-ms="34" status="PASS">
          <reporter-output>
          </reporter-output>
        </test-method> <!-- testGet -->
        <test-method signature="tT()[pri:0, instance:TestScenario@25359ed8]" started-at="2022-01-24T16:36:11 CET" name="tT" finished-at="2022-01-24T16:36:11 CET" duration-ms="0" status="PASS">
          <reporter-output>
          </reporter-output>
        </test-method> <!-- tT -->
        <test-method signature="getAllUsers()[pri:0, instance:TestScenario@25359ed8]" started-at="2022-01-24T16:36:11 CET" name="getAllUsers" finished-at="2022-01-24T16:36:11 CET" depends-on-methods="TestScenario.getUrl" duration-ms="59" status="PASS">
          <reporter-output>
          </reporter-output>
        </test-method> <!-- getAllUsers -->
      </class> <!-- TestScenario -->
    </test> <!-- Command line test -->
  </suite> <!-- TestScenario -->
</testng-results>
