<?xml version="1.0" encoding="UTF-8"?>
<!-- Generated by org.testng.reporters.JUnitXMLReporter -->
<testsuite ignored="0" hostname="WS-790W1F3" failures="0" tests="8" name="Command line test" time="1.39" errors="0" timestamp="2022-01-24T16:36:11 CET">
  <testcase classname="TestScenario" name="addNewUser" time="0.003"/>
  <testcase classname="TestScenario" name="checkUserByName" time="1.195"/>
  <testcase classname="TestScenario" name="getNonExistUser" time="0.031"/>
  <testcase classname="TestScenario" name="getUrl" time="0.012"/>
  <testcase classname="TestScenario" name="getUserById" time="0.031"/>
  <testcase classname="TestScenario" name="testGet" time="0.034"/>
  <testcase classname="TestScenario" name="tT" time="0.0"/>
  <testcase classname="TestScenario" name="getAllUsers" time="0.059"/>
</testsuite> <!-- Command line test -->
